Flow report for Simple-8bit-CPU-Verilog
<<<<<<< HEAD
<<<<<<< HEAD
Thu Jan 28 18:54:01 2021
=======
Wed Jan 27 21:41:43 2021
>>>>>>> feature/ALU
=======
Wed Jan 27 22:21:13 2021
>>>>>>> feature/RAM
Quartus Prime Version 20.1.1 Build 720 11/11/2020 SJ Lite Edition


---------------------
; Table of Contents ;
---------------------
  1. Legal Notice
  2. Flow Summary
  3. Flow Settings
  4. Flow Non-Default Global Settings
  5. Flow Elapsed Time
  6. Flow OS Summary
  7. Flow Log
  8. Flow Messages
  9. Flow Suppressed Messages



----------------
; Legal Notice ;
----------------
Copyright (C) 2020  Intel Corporation. All rights reserved.
Your use of Intel Corporation's design tools, logic functions 
and other software and tools, and any partner logic 
functions, and any output files from any of the foregoing 
(including device programming or simulation files), and any 
associated documentation or information are expressly subject 
to the terms and conditions of the Intel Program License 
Subscription Agreement, the Intel Quartus Prime License Agreement,
the Intel FPGA IP License Agreement, or other applicable license
agreement, including, without limitation, that your use is for
the sole purpose of programming logic devices manufactured by
Intel and sold by Intel or its authorized distributors.  Please
refer to the applicable agreement for further details, at
https://fpgasoftware.intel.com/eula.



+----------------------------------------------------------------------------------+
; Flow Summary                                                                     ;
+------------------------------------+---------------------------------------------+
<<<<<<< HEAD
<<<<<<< HEAD
; Flow Status                        ; Successful - Thu Jan 28 18:54:00 2021       ;
=======
; Flow Status                        ; Successful - Wed Jan 27 21:41:41 2021       ;
>>>>>>> feature/ALU
=======
; Flow Status                        ; Successful - Wed Jan 27 22:21:11 2021       ;
>>>>>>> feature/RAM
; Quartus Prime Version              ; 20.1.1 Build 720 11/11/2020 SJ Lite Edition ;
; Revision Name                      ; Simple-8bit-CPU-Verilog                     ;
; Top-level Entity Name              ; DE10_LITE_Golden_Top                        ;
; Family                             ; MAX 10                                      ;
; Device                             ; 10M50DAF484C7G                              ;
; Timing Models                      ; Final                                       ;
<<<<<<< HEAD
<<<<<<< HEAD
; Total logic elements               ; 44 / 49,760 ( < 1 % )                       ;
;     Total combinational functions  ; 44 / 49,760 ( < 1 % )                       ;
;     Dedicated logic registers      ; 29 / 49,760 ( < 1 % )                       ;
; Total registers                    ; 29                                          ;
; Total pins                         ; 86 / 360 ( 24 % )                           ;
=======
; Total logic elements               ; 66 / 49,760 ( < 1 % )                       ;
;     Total combinational functions  ; 44 / 49,760 ( < 1 % )                       ;
;     Dedicated logic registers      ; 25 / 49,760 ( < 1 % )                       ;
; Total registers                    ; 25                                          ;
; Total pins                         ; 108 / 360 ( 30 % )                          ;
>>>>>>> feature/ALU
=======
; Total logic elements               ; 187 / 49,760 ( < 1 % )                      ;
;     Total combinational functions  ; 121 / 49,760 ( < 1 % )                      ;
;     Dedicated logic registers      ; 113 / 49,760 ( < 1 % )                      ;
; Total registers                    ; 113                                         ;
; Total pins                         ; 108 / 360 ( 30 % )                          ;
>>>>>>> feature/RAM
; Total virtual pins                 ; 0                                           ;
; Total memory bits                  ; 0 / 1,677,312 ( 0 % )                       ;
; Embedded Multiplier 9-bit elements ; 0 / 288 ( 0 % )                             ;
; Total PLLs                         ; 0 / 4 ( 0 % )                               ;
; UFM blocks                         ; 0 / 1 ( 0 % )                               ;
; ADC blocks                         ; 0 / 2 ( 0 % )                               ;
+------------------------------------+---------------------------------------------+


+---------------------------------------------+
; Flow Settings                               ;
+-------------------+-------------------------+
; Option            ; Setting                 ;
+-------------------+-------------------------+
<<<<<<< HEAD
<<<<<<< HEAD
; Start date & time ; 01/28/2021 18:53:47     ;
=======
; Start date & time ; 01/27/2021 21:41:29     ;
>>>>>>> feature/ALU
=======
; Start date & time ; 01/27/2021 22:20:59     ;
>>>>>>> feature/RAM
; Main task         ; Compilation             ;
; Revision Name     ; Simple-8bit-CPU-Verilog ;
+-------------------+-------------------------+


+--------------------------------------------------------------------------------------------------------------------------------------------+
; Flow Non-Default Global Settings                                                                                                           ;
+-------------------------------------+----------------------------------------+-------------------------+----------------------+------------+
; Assignment Name                     ; Value                                  ; Default Value           ; Entity Name          ; Section Id ;
+-------------------------------------+----------------------------------------+-------------------------+----------------------+------------+
<<<<<<< HEAD
<<<<<<< HEAD
; COMPILER_SIGNATURE_ID               ; 13718493745980.161185642709221         ; --                      ; --                   ; --         ;
=======
; COMPILER_SIGNATURE_ID               ; 13718493745980.161178008917655         ; --                      ; --                   ; --         ;
>>>>>>> feature/ALU
=======
; COMPILER_SIGNATURE_ID               ; 13718493745980.161178245929335         ; --                      ; --                   ; --         ;
>>>>>>> feature/RAM
; MAX_CORE_JUNCTION_TEMP              ; 85                                     ; --                      ; --                   ; --         ;
; MIN_CORE_JUNCTION_TEMP              ; 0                                      ; --                      ; --                   ; --         ;
; PARTITION_COLOR                     ; -- (Not supported for targeted family) ; --                      ; DE10_LITE_Golden_Top ; Top        ;
; PARTITION_FITTER_PRESERVATION_LEVEL ; -- (Not supported for targeted family) ; --                      ; DE10_LITE_Golden_Top ; Top        ;
; PARTITION_NETLIST_TYPE              ; -- (Not supported for targeted family) ; --                      ; DE10_LITE_Golden_Top ; Top        ;
; POWER_BOARD_THERMAL_MODEL           ; None (CONSERVATIVE)                    ; --                      ; --                   ; --         ;
; POWER_PRESET_COOLING_SOLUTION       ; 23 MM HEAT SINK WITH 200 LFPM AIRFLOW  ; --                      ; --                   ; --         ;
; PROJECT_OUTPUT_DIRECTORY            ; output_files                           ; --                      ; --                   ; --         ;
; TOP_LEVEL_ENTITY                    ; DE10_LITE_Golden_Top                   ; Simple-8bit-CPU-Verilog ; --                   ; --         ;
+-------------------------------------+----------------------------------------+-------------------------+----------------------+------------+


+--------------------------------------------------------------------------------------------------------------------------+
; Flow Elapsed Time                                                                                                        ;
+----------------------+--------------+-------------------------+---------------------+------------------------------------+
; Module Name          ; Elapsed Time ; Average Processors Used ; Peak Virtual Memory ; Total CPU Time (on all processors) ;
+----------------------+--------------+-------------------------+---------------------+------------------------------------+
<<<<<<< HEAD
<<<<<<< HEAD
; Analysis & Synthesis ; 00:00:05     ; 1.0                     ; 488 MB              ; 00:00:14                           ;
; Fitter               ; 00:00:05     ; 1.1                     ; 2046 MB             ; 00:00:09                           ;
; Assembler            ; 00:00:02     ; 1.0                     ; 357 MB              ; 00:00:02                           ;
; Timing Analyzer      ; 00:00:01     ; 1.1                     ; 662 MB              ; 00:00:01                           ;
=======
; Analysis & Synthesis ; 00:00:04     ; 1.0                     ; 488 MB              ; 00:00:14                           ;
; Fitter               ; 00:00:05     ; 1.1                     ; 2054 MB             ; 00:00:09                           ;
; Assembler            ; 00:00:02     ; 1.0                     ; 362 MB              ; 00:00:02                           ;
; Timing Analyzer      ; 00:00:02     ; 1.1                     ; 656 MB              ; 00:00:01                           ;
>>>>>>> feature/ALU
; Total                ; 00:00:13     ; --                      ; --                  ; 00:00:26                           ;
=======
; Analysis & Synthesis ; 00:00:05     ; 1.0                     ; 489 MB              ; 00:00:14                           ;
; Fitter               ; 00:00:05     ; 1.1                     ; 2069 MB             ; 00:00:11                           ;
; Assembler            ; 00:00:01     ; 1.0                     ; 360 MB              ; 00:00:02                           ;
; Timing Analyzer      ; 00:00:01     ; 1.2                     ; 664 MB              ; 00:00:02                           ;
; Total                ; 00:00:12     ; --                      ; --                  ; 00:00:29                           ;
>>>>>>> feature/RAM
+----------------------+--------------+-------------------------+---------------------+------------------------------------+


+----------------------------------------------------------------------------------------+
; Flow OS Summary                                                                        ;
+----------------------+------------------+----------------+------------+----------------+
; Module Name          ; Machine Hostname ; OS Name        ; OS Version ; Processor type ;
+----------------------+------------------+----------------+------------+----------------+
; Analysis & Synthesis ; VICUDESKTOP      ; Ubuntu 20.04.1 ; 20         ; x86_64         ;
; Fitter               ; VICUDESKTOP      ; Ubuntu 20.04.1 ; 20         ; x86_64         ;
; Assembler            ; VICUDESKTOP      ; Ubuntu 20.04.1 ; 20         ; x86_64         ;
; Timing Analyzer      ; VICUDESKTOP      ; Ubuntu 20.04.1 ; 20         ; x86_64         ;
+----------------------+------------------+----------------+------------+----------------+


------------
; Flow Log ;
------------
quartus_map --read_settings_files=on --write_settings_files=off Simple-8bit-CPU-Verilog -c Simple-8bit-CPU-Verilog
quartus_fit --read_settings_files=off --write_settings_files=off Simple-8bit-CPU-Verilog -c Simple-8bit-CPU-Verilog
quartus_asm --read_settings_files=off --write_settings_files=off Simple-8bit-CPU-Verilog -c Simple-8bit-CPU-Verilog
quartus_sta Simple-8bit-CPU-Verilog -c Simple-8bit-CPU-Verilog



