Analysis & Synthesis report for Simple-8bit-CPU-Verilog
Tue Jan 26 22:45:40 2021
Quartus Prime Version 20.1.1 Build 720 11/11/2020 SJ Lite Edition


---------------------
; Table of Contents ;
---------------------
  1. Legal Notice
  2. Analysis & Synthesis Summary
  3. Analysis & Synthesis Settings
  4. Parallel Compilation
  5. Analysis & Synthesis Source Files Read
  6. Analysis & Synthesis Resource Usage Summary
  7. Analysis & Synthesis Resource Utilization by Entity
  8. Registers Removed During Synthesis
  9. Removed Registers Triggering Further Register Optimizations
 10. General Register Statistics
 11. Parameter Settings for User Entity Instance: Prescaler:pres
 12. Post-Synthesis Netlist Statistics for Top Partition
 13. Elapsed Time Per Partition
 14. Analysis & Synthesis Messages



----------------
; Legal Notice ;
----------------
Copyright (C) 2020  Intel Corporation. All rights reserved.
Your use of Intel Corporation's design tools, logic functions 
and other software and tools, and any partner logic 
functions, and any output files from any of the foregoing 
(including device programming or simulation files), and any 
associated documentation or information are expressly subject 
to the terms and conditions of the Intel Program License 
Subscription Agreement, the Intel Quartus Prime License Agreement,
the Intel FPGA IP License Agreement, or other applicable license
agreement, including, without limitation, that your use is for
the sole purpose of programming logic devices manufactured by
Intel and sold by Intel or its authorized distributors.  Please
refer to the applicable agreement for further details, at
https://fpgasoftware.intel.com/eula.



+----------------------------------------------------------------------------------+
; Analysis & Synthesis Summary                                                     ;
+------------------------------------+---------------------------------------------+
; Analysis & Synthesis Status        ; Successful - Tue Jan 26 22:45:40 2021       ;
; Quartus Prime Version              ; 20.1.1 Build 720 11/11/2020 SJ Lite Edition ;
; Revision Name                      ; Simple-8bit-CPU-Verilog                     ;
; Top-level Entity Name              ; DE10_LITE_Golden_Top                        ;
; Family                             ; MAX 10                                      ;
; Total logic elements               ; 23                                          ;
;     Total combinational functions  ; 23                                          ;
;     Dedicated logic registers      ; 23                                          ;
; Total registers                    ; 23                                          ;
; Total pins                         ; 98                                          ;
; Total virtual pins                 ; 0                                           ;
; Total memory bits                  ; 0                                           ;
; Embedded Multiplier 9-bit elements ; 0                                           ;
; Total PLLs                         ; 0                                           ;
; UFM blocks                         ; 0                                           ;
; ADC blocks                         ; 0                                           ;
+------------------------------------+---------------------------------------------+


+-------------------------------------------------------------------------------------------------------------------+
; Analysis & Synthesis Settings                                                                                     ;
+------------------------------------------------------------------+----------------------+-------------------------+
; Option                                                           ; Setting              ; Default Value           ;
+------------------------------------------------------------------+----------------------+-------------------------+
; Device                                                           ; 10M50DAF484C7G       ;                         ;
; Top-level entity name                                            ; DE10_LITE_Golden_Top ; Simple-8bit-CPU-Verilog ;
; Family name                                                      ; MAX 10               ; Cyclone V               ;
; Use smart compilation                                            ; Off                  ; Off                     ;
; Enable parallel Assembler and Timing Analyzer during compilation ; On                   ; On                      ;
; Enable compact report table                                      ; Off                  ; Off                     ;
; Restructure Multiplexers                                         ; Auto                 ; Auto                    ;
; Create Debugging Nodes for IP Cores                              ; Off                  ; Off                     ;
; Preserve fewer node names                                        ; On                   ; On                      ;
; Intel FPGA IP Evaluation Mode                                    ; Enable               ; Enable                  ;
; Verilog Version                                                  ; Verilog_2001         ; Verilog_2001            ;
; VHDL Version                                                     ; VHDL_1993            ; VHDL_1993               ;
; State Machine Processing                                         ; Auto                 ; Auto                    ;
; Safe State Machine                                               ; Off                  ; Off                     ;
; Extract Verilog State Machines                                   ; On                   ; On                      ;
; Extract VHDL State Machines                                      ; On                   ; On                      ;
; Ignore Verilog initial constructs                                ; Off                  ; Off                     ;
; Iteration limit for constant Verilog loops                       ; 5000                 ; 5000                    ;
; Iteration limit for non-constant Verilog loops                   ; 250                  ; 250                     ;
; Add Pass-Through Logic to Inferred RAMs                          ; On                   ; On                      ;
; Infer RAMs from Raw Logic                                        ; On                   ; On                      ;
; Parallel Synthesis                                               ; On                   ; On                      ;
; DSP Block Balancing                                              ; Auto                 ; Auto                    ;
; NOT Gate Push-Back                                               ; On                   ; On                      ;
; Power-Up Don't Care                                              ; On                   ; On                      ;
; Remove Redundant Logic Cells                                     ; Off                  ; Off                     ;
; Remove Duplicate Registers                                       ; On                   ; On                      ;
; Ignore CARRY Buffers                                             ; Off                  ; Off                     ;
; Ignore CASCADE Buffers                                           ; Off                  ; Off                     ;
; Ignore GLOBAL Buffers                                            ; Off                  ; Off                     ;
; Ignore ROW GLOBAL Buffers                                        ; Off                  ; Off                     ;
; Ignore LCELL Buffers                                             ; Off                  ; Off                     ;
; Ignore SOFT Buffers                                              ; On                   ; On                      ;
; Limit AHDL Integers to 32 Bits                                   ; Off                  ; Off                     ;
; Optimization Technique                                           ; Balanced             ; Balanced                ;
; Carry Chain Length                                               ; 70                   ; 70                      ;
; Auto Carry Chains                                                ; On                   ; On                      ;
; Auto Open-Drain Pins                                             ; On                   ; On                      ;
; Perform WYSIWYG Primitive Resynthesis                            ; Off                  ; Off                     ;
; Auto ROM Replacement                                             ; On                   ; On                      ;
; Auto RAM Replacement                                             ; On                   ; On                      ;
; Auto DSP Block Replacement                                       ; On                   ; On                      ;
; Auto Shift Register Replacement                                  ; Auto                 ; Auto                    ;
; Allow Shift Register Merging across Hierarchies                  ; Auto                 ; Auto                    ;
; Auto Clock Enable Replacement                                    ; On                   ; On                      ;
; Strict RAM Replacement                                           ; Off                  ; Off                     ;
; Allow Synchronous Control Signals                                ; On                   ; On                      ;
; Force Use of Synchronous Clear Signals                           ; Off                  ; Off                     ;
; Auto RAM Block Balancing                                         ; On                   ; On                      ;
; Auto RAM to Logic Cell Conversion                                ; Off                  ; Off                     ;
; Auto Resource Sharing                                            ; Off                  ; Off                     ;
; Allow Any RAM Size For Recognition                               ; Off                  ; Off                     ;
; Allow Any ROM Size For Recognition                               ; Off                  ; Off                     ;
; Allow Any Shift Register Size For Recognition                    ; Off                  ; Off                     ;
; Use LogicLock Constraints during Resource Balancing              ; On                   ; On                      ;
; Ignore translate_off and synthesis_off directives                ; Off                  ; Off                     ;
; Timing-Driven Synthesis                                          ; On                   ; On                      ;
; Report Parameter Settings                                        ; On                   ; On                      ;
; Report Source Assignments                                        ; On                   ; On                      ;
; Report Connectivity Checks                                       ; On                   ; On                      ;
; Ignore Maximum Fan-Out Assignments                               ; Off                  ; Off                     ;
; Synchronization Register Chain Length                            ; 2                    ; 2                       ;
; Power Optimization During Synthesis                              ; Normal compilation   ; Normal compilation      ;
; HDL message level                                                ; Level2               ; Level2                  ;
; Suppress Register Optimization Related Messages                  ; Off                  ; Off                     ;
; Number of Removed Registers Reported in Synthesis Report         ; 5000                 ; 5000                    ;
; Number of Swept Nodes Reported in Synthesis Report               ; 5000                 ; 5000                    ;
; Number of Inverted Registers Reported in Synthesis Report        ; 100                  ; 100                     ;
; Clock MUX Protection                                             ; On                   ; On                      ;
; Auto Gated Clock Conversion                                      ; Off                  ; Off                     ;
; Block Design Naming                                              ; Auto                 ; Auto                    ;
; SDC constraint protection                                        ; Off                  ; Off                     ;
; Synthesis Effort                                                 ; Auto                 ; Auto                    ;
; Shift Register Replacement - Allow Asynchronous Clear Signal     ; On                   ; On                      ;
; Pre-Mapping Resynthesis Optimization                             ; Off                  ; Off                     ;
; Analysis & Synthesis Message Level                               ; Medium               ; Medium                  ;
; Disable Register Merging Across Hierarchies                      ; Auto                 ; Auto                    ;
; Resource Aware Inference For Block RAM                           ; On                   ; On                      ;
+------------------------------------------------------------------+----------------------+-------------------------+


+------------------------------------------+
; Parallel Compilation                     ;
+----------------------------+-------------+
; Processors                 ; Number      ;
+----------------------------+-------------+
; Number detected on machine ; 16          ;
; Maximum allowed            ; 16          ;
;                            ;             ;
; Average used               ; 1.00        ;
; Maximum used               ; 16          ;
;                            ;             ;
; Usage by Processor         ; % Time Used ;
;     Processor 1            ; 100.0%      ;
;     Processor 2            ;   0.0%      ;
;     Processors 3-16        ;   0.0%      ;
+----------------------------+-------------+


+-----------------------------------------------------------------------------------------------------------------------------------------------------------+
; Analysis & Synthesis Source Files Read                                                                                                                    ;
+----------------------------------+-----------------+------------------------+-------------------------------------------------------------------+---------+
; File Name with User-Entered Path ; Used in Netlist ; File Type              ; File Name with Absolute Path                                      ; Library ;
+----------------------------------+-----------------+------------------------+-------------------------------------------------------------------+---------+
; DE10_LITE_Golden_Top.v           ; yes             ; User Verilog HDL File  ; /home/vic/Projects/Simple-8bit-CPU-Verilog/DE10_LITE_Golden_Top.v ;         ;
; SevSegController.v               ; yes             ; User Verilog HDL File  ; /home/vic/Projects/Simple-8bit-CPU-Verilog/SevSegController.v     ;         ;
; Prescaler.v                      ; yes             ; User Verilog HDL File  ; /home/vic/Projects/Simple-8bit-CPU-Verilog/Prescaler.v            ;         ;
; Register.v                       ; yes             ; User Verilog HDL File  ; /home/vic/Projects/Simple-8bit-CPU-Verilog/Register.v             ;         ;
+----------------------------------+-----------------+------------------------+-------------------------------------------------------------------+---------+


+----------------------------------------------------------------+
; Analysis & Synthesis Resource Usage Summary                    ;
+---------------------------------------------+------------------+
; Resource                                    ; Usage            ;
+---------------------------------------------+------------------+
; Estimated Total logic elements              ; 23               ;
;                                             ;                  ;
; Total combinational functions               ; 23               ;
; Logic element usage by number of LUT inputs ;                  ;
;     -- 4 input functions                    ; 0                ;
;     -- 3 input functions                    ; 1                ;
;     -- <=2 input functions                  ; 22               ;
;                                             ;                  ;
; Logic elements by mode                      ;                  ;
;     -- normal mode                          ; 2                ;
;     -- arithmetic mode                      ; 21               ;
;                                             ;                  ;
; Total registers                             ; 23               ;
;     -- Dedicated logic registers            ; 23               ;
;     -- I/O registers                        ; 0                ;
;                                             ;                  ;
; I/O pins                                    ; 98               ;
;                                             ;                  ;
; Embedded Multiplier 9-bit elements          ; 0                ;
;                                             ;                  ;
; Maximum fan-out node                        ; ADC_CLK_10~input ;
; Maximum fan-out                             ; 23               ;
; Total fan-out                               ; 231              ;
; Average fan-out                             ; 0.83             ;
+---------------------------------------------+------------------+


+--------------------------------------------------------------------------------------------------------------------------------------------------------------------------------------------------------------------------------------------------------------+
; Analysis & Synthesis Resource Utilization by Entity                                                                                                                                                                                                          ;
+----------------------------+---------------------+---------------------------+-------------+------------+--------------+---------+-----------+------+--------------+------------+--------------------------------------+----------------------+--------------+
; Compilation Hierarchy Node ; Combinational ALUTs ; Dedicated Logic Registers ; Memory Bits ; UFM Blocks ; DSP Elements ; DSP 9x9 ; DSP 18x18 ; Pins ; Virtual Pins ; ADC blocks ; Full Hierarchy Name                  ; Entity Name          ; Library Name ;
+----------------------------+---------------------+---------------------------+-------------+------------+--------------+---------+-----------+------+--------------+------------+--------------------------------------+----------------------+--------------+
; |DE10_LITE_Golden_Top      ; 23 (0)              ; 23 (0)                    ; 0           ; 0          ; 0            ; 0       ; 0         ; 98   ; 0            ; 0          ; |DE10_LITE_Golden_Top                ; DE10_LITE_Golden_Top ; work         ;
;    |Prescaler:pres|        ; 23 (23)             ; 23 (23)                   ; 0           ; 0          ; 0            ; 0       ; 0         ; 0    ; 0            ; 0          ; |DE10_LITE_Golden_Top|Prescaler:pres ; Prescaler            ; work         ;
+----------------------------+---------------------+---------------------------+-------------+------------+--------------+---------+-----------+------+--------------+------------+--------------------------------------+----------------------+--------------+
Note: For table entries with two numbers listed, the numbers in parentheses indicate the number of resources of the given type used by the specific entity alone. The numbers listed outside of parentheses indicate the total resources of the given type used by the specific entity and all of its sub-entities in the hierarchy.


+---------------------------------------------------------------------------------+
; Registers Removed During Synthesis                                              ;
+----------------------------------------+----------------------------------------+
; Register name                          ; Reason for Removal                     ;
+----------------------------------------+----------------------------------------+
; Register:regA|register[3]              ; Merged with Register:regA|data[3]~reg0 ;
; Register:regA|register[1]              ; Merged with Register:regA|data[1]~reg0 ;
; Register:regA|register[0]              ; Merged with Register:regA|data[0]~reg0 ;
; Register:regA|register[2]              ; Merged with Register:regA|data[2]~reg0 ;
; Register:regA|register[7]              ; Merged with Register:regA|data[7]~reg0 ;
; Register:regA|register[5]              ; Merged with Register:regA|data[5]~reg0 ;
; Register:regA|register[4]              ; Merged with Register:regA|data[4]~reg0 ;
; Register:regA|register[6]              ; Merged with Register:regA|data[6]~reg0 ;
; Register:regA|data[1]~reg0             ; Stuck at GND due to stuck port data_in ;
; Register:regA|data[0]~reg0             ; Stuck at GND due to stuck port data_in ;
; Register:regA|data[2]~reg0             ; Stuck at GND due to stuck port data_in ;
; Register:regA|data[3]~reg0             ; Stuck at GND due to stuck port data_in ;
; Register:regA|data[4]~reg0             ; Stuck at GND due to stuck port data_in ;
; Register:regA|data[5]~reg0             ; Stuck at GND due to stuck port data_in ;
; Register:regA|data[6]~reg0             ; Stuck at GND due to stuck port data_in ;
; Register:regA|data[7]~reg0             ; Stuck at GND due to stuck port data_in ;
; dig4[0..3]                             ; Stuck at GND due to stuck port data_in ;
; dig5[0..3]                             ; Stuck at GND due to stuck port data_in ;
; Total Number of Removed Registers = 24 ;                                        ;
+----------------------------------------+----------------------------------------+


+-------------------------------------------------------------------------------------------------+
; Removed Registers Triggering Further Register Optimizations                                     ;
+----------------------------+---------------------------+----------------------------------------+
; Register name              ; Reason for Removal        ; Registers Removed due to This Register ;
+----------------------------+---------------------------+----------------------------------------+
; Register:regA|data[1]~reg0 ; Stuck at GND              ; dig4[1]                                ;
;                            ; due to stuck port data_in ;                                        ;
; Register:regA|data[0]~reg0 ; Stuck at GND              ; dig4[0]                                ;
;                            ; due to stuck port data_in ;                                        ;
; Register:regA|data[2]~reg0 ; Stuck at GND              ; dig4[2]                                ;
;                            ; due to stuck port data_in ;                                        ;
; Register:regA|data[3]~reg0 ; Stuck at GND              ; dig4[3]                                ;
;                            ; due to stuck port data_in ;                                        ;
; Register:regA|data[4]~reg0 ; Stuck at GND              ; dig5[0]                                ;
;                            ; due to stuck port data_in ;                                        ;
; Register:regA|data[5]~reg0 ; Stuck at GND              ; dig5[1]                                ;
;                            ; due to stuck port data_in ;                                        ;
; Register:regA|data[6]~reg0 ; Stuck at GND              ; dig5[2]                                ;
;                            ; due to stuck port data_in ;                                        ;
; Register:regA|data[7]~reg0 ; Stuck at GND              ; dig5[3]                                ;
;                            ; due to stuck port data_in ;                                        ;
+----------------------------+---------------------------+----------------------------------------+


+------------------------------------------------------+
; General Register Statistics                          ;
+----------------------------------------------+-------+
; Statistic                                    ; Value ;
+----------------------------------------------+-------+
; Total registers                              ; 23    ;
; Number of registers using Synchronous Clear  ; 0     ;
; Number of registers using Synchronous Load   ; 0     ;
; Number of registers using Asynchronous Clear ; 0     ;
; Number of registers using Asynchronous Load  ; 0     ;
; Number of registers using Clock Enable       ; 0     ;
; Number of registers using Preset             ; 0     ;
+----------------------------------------------+-------+


+-------------------------------------------------------------+
; Parameter Settings for User Entity Instance: Prescaler:pres ;
+----------------+-------+------------------------------------+
; Parameter Name ; Value ; Type                               ;
+----------------+-------+------------------------------------+
; N              ; 23    ; Signed Integer                     ;
+----------------+-------+------------------------------------+
Note: In order to hide this table in the UI and the text report file, please set the "Show Parameter Settings in Synthesis Report" option in "Analysis and Synthesis Settings -> More Settings" to "Off".


+-----------------------------------------------------+
; Post-Synthesis Netlist Statistics for Top Partition ;
+-----------------------+-----------------------------+
; Type                  ; Count                       ;
+-----------------------+-----------------------------+
; boundary_port         ; 98                          ;
; cycloneiii_ff         ; 23                          ;
;     plain             ; 23                          ;
; cycloneiii_io_obuf    ; 36                          ;
; cycloneiii_lcell_comb ; 26                          ;
;     arith             ; 21                          ;
;         2 data inputs ; 20                          ;
;         3 data inputs ; 1                           ;
;     normal            ; 5                           ;
;         0 data inputs ; 2                           ;
;         1 data inputs ; 3                           ;
;                       ;                             ;
; Max LUT depth         ; 3.10                        ;
; Average LUT depth     ; 1.50                        ;
+-----------------------+-----------------------------+


+-------------------------------+
; Elapsed Time Per Partition    ;
+----------------+--------------+
; Partition Name ; Elapsed Time ;
+----------------+--------------+
; Top            ; 00:00:00     ;
+----------------+--------------+


+-------------------------------+
; Analysis & Synthesis Messages ;
+-------------------------------+
Info: *******************************************************************
Info: Running Quartus Prime Analysis & Synthesis
    Info: Version 20.1.1 Build 720 11/11/2020 SJ Lite Edition
    Info: Processing started: Tue Jan 26 22:45:36 2021
Info: Command: quartus_map --read_settings_files=on --write_settings_files=off Simple-8bit-CPU-Verilog -c Simple-8bit-CPU-Verilog
Warning (18236): Number of processors has not been specified which may cause overloading on shared machines.  Set the global assignment NUM_PARALLEL_PROCESSORS in your QSF to an appropriate value for best performance.
Info (20030): Parallel compilation is enabled and will use 16 of the 16 processors detected
Info (12021): Found 1 design units, including 1 entities, in source file DE10_LITE_Golden_Top.v
    Info (12023): Found entity 1: DE10_LITE_Golden_Top File: /home/vic/Projects/Simple-8bit-CPU-Verilog/DE10_LITE_Golden_Top.v Line: 29
Info (12021): Found 1 design units, including 1 entities, in source file SevSegController.v
    Info (12023): Found entity 1: SevSegController File: /home/vic/Projects/Simple-8bit-CPU-Verilog/SevSegController.v Line: 6
Info (12021): Found 1 design units, including 1 entities, in source file Prescaler.v
    Info (12023): Found entity 1: Prescaler File: /home/vic/Projects/Simple-8bit-CPU-Verilog/Prescaler.v Line: 6
Info (12021): Found 1 design units, including 1 entities, in source file Register.v
    Info (12023): Found entity 1: Register File: /home/vic/Projects/Simple-8bit-CPU-Verilog/Register.v Line: 6
Warning (10236): Verilog HDL Implicit Net warning at DE10_LITE_Golden_Top.v(157): created implicit net for "data" File: /home/vic/Projects/Simple-8bit-CPU-Verilog/DE10_LITE_Golden_Top.v Line: 157
Info (12127): Elaborating entity "DE10_LITE_Golden_Top" for the top level hierarchy
Warning (10036): Verilog HDL or VHDL warning at DE10_LITE_Golden_Top.v(157): object "data" assigned a value but never read File: /home/vic/Projects/Simple-8bit-CPU-Verilog/DE10_LITE_Golden_Top.v Line: 157
Warning (10230): Verilog HDL assignment warning at DE10_LITE_Golden_Top.v(157): truncated value with size 8 to match size of target (1) File: /home/vic/Projects/Simple-8bit-CPU-Verilog/DE10_LITE_Golden_Top.v Line: 157
Info (12128): Elaborating entity "Prescaler" for hierarchy "Prescaler:pres" File: /home/vic/Projects/Simple-8bit-CPU-Verilog/DE10_LITE_Golden_Top.v Line: 145
Warning (10230): Verilog HDL assignment warning at Prescaler.v(13): truncated value with size 32 to match size of target (23) File: /home/vic/Projects/Simple-8bit-CPU-Verilog/Prescaler.v Line: 13
Info (12128): Elaborating entity "SevSegController" for hierarchy "SevSegController:ssc0" File: /home/vic/Projects/Simple-8bit-CPU-Verilog/DE10_LITE_Golden_Top.v Line: 147
Info (12128): Elaborating entity "Register" for hierarchy "Register:regA" File: /home/vic/Projects/Simple-8bit-CPU-Verilog/DE10_LITE_Golden_Top.v Line: 154
Warning (13039): The following bidirectional pins have no drivers
    Warning (13040): bidirectional pin "GPIO[0]" has no driver File: /home/vic/Projects/Simple-8bit-CPU-Verilog/DE10_LITE_Golden_Top.v Line: 122
    Warning (13040): bidirectional pin "GPIO[1]" has no driver File: /home/vic/Projects/Simple-8bit-CPU-Verilog/DE10_LITE_Golden_Top.v Line: 122
    Warning (13040): bidirectional pin "GPIO[2]" has no driver File: /home/vic/Projects/Simple-8bit-CPU-Verilog/DE10_LITE_Golden_Top.v Line: 122
    Warning (13040): bidirectional pin "GPIO[3]" has no driver File: /home/vic/Projects/Simple-8bit-CPU-Verilog/DE10_LITE_Golden_Top.v Line: 122
    Warning (13040): bidirectional pin "GPIO[4]" has no driver File: /home/vic/Projects/Simple-8bit-CPU-Verilog/DE10_LITE_Golden_Top.v Line: 122
    Warning (13040): bidirectional pin "GPIO[5]" has no driver File: /home/vic/Projects/Simple-8bit-CPU-Verilog/DE10_LITE_Golden_Top.v Line: 122
    Warning (13040): bidirectional pin "GPIO[6]" has no driver File: /home/vic/Projects/Simple-8bit-CPU-Verilog/DE10_LITE_Golden_Top.v Line: 122
    Warning (13040): bidirectional pin "GPIO[7]" has no driver File: /home/vic/Projects/Simple-8bit-CPU-Verilog/DE10_LITE_Golden_Top.v Line: 122
    Warning (13040): bidirectional pin "GPIO[8]" has no driver File: /home/vic/Projects/Simple-8bit-CPU-Verilog/DE10_LITE_Golden_Top.v Line: 122
    Warning (13040): bidirectional pin "GPIO[9]" has no driver File: /home/vic/Projects/Simple-8bit-CPU-Verilog/DE10_LITE_Golden_Top.v Line: 122
    Warning (13040): bidirectional pin "GPIO[10]" has no driver File: /home/vic/Projects/Simple-8bit-CPU-Verilog/DE10_LITE_Golden_Top.v Line: 122
    Warning (13040): bidirectional pin "GPIO[11]" has no driver File: /home/vic/Projects/Simple-8bit-CPU-Verilog/DE10_LITE_Golden_Top.v Line: 122
    Warning (13040): bidirectional pin "GPIO[12]" has no driver File: /home/vic/Projects/Simple-8bit-CPU-Verilog/DE10_LITE_Golden_Top.v Line: 122
    Warning (13040): bidirectional pin "GPIO[13]" has no driver File: /home/vic/Projects/Simple-8bit-CPU-Verilog/DE10_LITE_Golden_Top.v Line: 122
    Warning (13040): bidirectional pin "GPIO[14]" has no driver File: /home/vic/Projects/Simple-8bit-CPU-Verilog/DE10_LITE_Golden_Top.v Line: 122
    Warning (13040): bidirectional pin "GPIO[15]" has no driver File: /home/vic/Projects/Simple-8bit-CPU-Verilog/DE10_LITE_Golden_Top.v Line: 122
    Warning (13040): bidirectional pin "GPIO[16]" has no driver File: /home/vic/Projects/Simple-8bit-CPU-Verilog/DE10_LITE_Golden_Top.v Line: 122
    Warning (13040): bidirectional pin "GPIO[17]" has no driver File: /home/vic/Projects/Simple-8bit-CPU-Verilog/DE10_LITE_Golden_Top.v Line: 122
    Warning (13040): bidirectional pin "GPIO[18]" has no driver File: /home/vic/Projects/Simple-8bit-CPU-Verilog/DE10_LITE_Golden_Top.v Line: 122
    Warning (13040): bidirectional pin "GPIO[19]" has no driver File: /home/vic/Projects/Simple-8bit-CPU-Verilog/DE10_LITE_Golden_Top.v Line: 122
    Warning (13040): bidirectional pin "GPIO[20]" has no driver File: /home/vic/Projects/Simple-8bit-CPU-Verilog/DE10_LITE_Golden_Top.v Line: 122
    Warning (13040): bidirectional pin "GPIO[21]" has no driver File: /home/vic/Projects/Simple-8bit-CPU-Verilog/DE10_LITE_Golden_Top.v Line: 122
    Warning (13040): bidirectional pin "GPIO[22]" has no driver File: /home/vic/Projects/Simple-8bit-CPU-Verilog/DE10_LITE_Golden_Top.v Line: 122
    Warning (13040): bidirectional pin "GPIO[23]" has no driver File: /home/vic/Projects/Simple-8bit-CPU-Verilog/DE10_LITE_Golden_Top.v Line: 122
    Warning (13040): bidirectional pin "GPIO[24]" has no driver File: /home/vic/Projects/Simple-8bit-CPU-Verilog/DE10_LITE_Golden_Top.v Line: 122
    Warning (13040): bidirectional pin "GPIO[25]" has no driver File: /home/vic/Projects/Simple-8bit-CPU-Verilog/DE10_LITE_Golden_Top.v Line: 122
    Warning (13040): bidirectional pin "GPIO[26]" has no driver File: /home/vic/Projects/Simple-8bit-CPU-Verilog/DE10_LITE_Golden_Top.v Line: 122
    Warning (13040): bidirectional pin "GPIO[27]" has no driver File: /home/vic/Projects/Simple-8bit-CPU-Verilog/DE10_LITE_Golden_Top.v Line: 122
    Warning (13040): bidirectional pin "GPIO[28]" has no driver File: /home/vic/Projects/Simple-8bit-CPU-Verilog/DE10_LITE_Golden_Top.v Line: 122
    Warning (13040): bidirectional pin "GPIO[29]" has no driver File: /home/vic/Projects/Simple-8bit-CPU-Verilog/DE10_LITE_Golden_Top.v Line: 122
    Warning (13040): bidirectional pin "GPIO[30]" has no driver File: /home/vic/Projects/Simple-8bit-CPU-Verilog/DE10_LITE_Golden_Top.v Line: 122
    Warning (13040): bidirectional pin "GPIO[31]" has no driver File: /home/vic/Projects/Simple-8bit-CPU-Verilog/DE10_LITE_Golden_Top.v Line: 122
    Warning (13040): bidirectional pin "GPIO[32]" has no driver File: /home/vic/Projects/Simple-8bit-CPU-Verilog/DE10_LITE_Golden_Top.v Line: 122
    Warning (13040): bidirectional pin "GPIO[33]" has no driver File: /home/vic/Projects/Simple-8bit-CPU-Verilog/DE10_LITE_Golden_Top.v Line: 122
    Warning (13040): bidirectional pin "GPIO[34]" has no driver File: /home/vic/Projects/Simple-8bit-CPU-Verilog/DE10_LITE_Golden_Top.v Line: 122
    Warning (13040): bidirectional pin "GPIO[35]" has no driver File: /home/vic/Projects/Simple-8bit-CPU-Verilog/DE10_LITE_Golden_Top.v Line: 122
Warning (13024): Output pins are stuck at VCC or GND
    Warning (13410): Pin "HEX0[0]" is stuck at GND File: /home/vic/Projects/Simple-8bit-CPU-Verilog/DE10_LITE_Golden_Top.v Line: 61
    Warning (13410): Pin "HEX0[1]" is stuck at GND File: /home/vic/Projects/Simple-8bit-CPU-Verilog/DE10_LITE_Golden_Top.v Line: 61
    Warning (13410): Pin "HEX0[2]" is stuck at GND File: /home/vic/Projects/Simple-8bit-CPU-Verilog/DE10_LITE_Golden_Top.v Line: 61
    Warning (13410): Pin "HEX0[3]" is stuck at GND File: /home/vic/Projects/Simple-8bit-CPU-Verilog/DE10_LITE_Golden_Top.v Line: 61
    Warning (13410): Pin "HEX0[4]" is stuck at GND File: /home/vic/Projects/Simple-8bit-CPU-Verilog/DE10_LITE_Golden_Top.v Line: 61
    Warning (13410): Pin "HEX0[5]" is stuck at GND File: /home/vic/Projects/Simple-8bit-CPU-Verilog/DE10_LITE_Golden_Top.v Line: 61
    Warning (13410): Pin "HEX0[6]" is stuck at VCC File: /home/vic/Projects/Simple-8bit-CPU-Verilog/DE10_LITE_Golden_Top.v Line: 61
    Warning (13410): Pin "HEX1[0]" is stuck at GND File: /home/vic/Projects/Simple-8bit-CPU-Verilog/DE10_LITE_Golden_Top.v Line: 64
    Warning (13410): Pin "HEX1[1]" is stuck at GND File: /home/vic/Projects/Simple-8bit-CPU-Verilog/DE10_LITE_Golden_Top.v Line: 64
    Warning (13410): Pin "HEX1[2]" is stuck at GND File: /home/vic/Projects/Simple-8bit-CPU-Verilog/DE10_LITE_Golden_Top.v Line: 64
    Warning (13410): Pin "HEX1[3]" is stuck at GND File: /home/vic/Projects/Simple-8bit-CPU-Verilog/DE10_LITE_Golden_Top.v Line: 64
    Warning (13410): Pin "HEX1[4]" is stuck at GND File: /home/vic/Projects/Simple-8bit-CPU-Verilog/DE10_LITE_Golden_Top.v Line: 64
    Warning (13410): Pin "HEX1[5]" is stuck at GND File: /home/vic/Projects/Simple-8bit-CPU-Verilog/DE10_LITE_Golden_Top.v Line: 64
    Warning (13410): Pin "HEX1[6]" is stuck at VCC File: /home/vic/Projects/Simple-8bit-CPU-Verilog/DE10_LITE_Golden_Top.v Line: 64
    Warning (13410): Pin "HEX2[0]" is stuck at GND File: /home/vic/Projects/Simple-8bit-CPU-Verilog/DE10_LITE_Golden_Top.v Line: 67
    Warning (13410): Pin "HEX2[1]" is stuck at GND File: /home/vic/Projects/Simple-8bit-CPU-Verilog/DE10_LITE_Golden_Top.v Line: 67
    Warning (13410): Pin "HEX2[2]" is stuck at GND File: /home/vic/Projects/Simple-8bit-CPU-Verilog/DE10_LITE_Golden_Top.v Line: 67
    Warning (13410): Pin "HEX2[3]" is stuck at GND File: /home/vic/Projects/Simple-8bit-CPU-Verilog/DE10_LITE_Golden_Top.v Line: 67
    Warning (13410): Pin "HEX2[4]" is stuck at GND File: /home/vic/Projects/Simple-8bit-CPU-Verilog/DE10_LITE_Golden_Top.v Line: 67
    Warning (13410): Pin "HEX2[5]" is stuck at GND File: /home/vic/Projects/Simple-8bit-CPU-Verilog/DE10_LITE_Golden_Top.v Line: 67
    Warning (13410): Pin "HEX2[6]" is stuck at VCC File: /home/vic/Projects/Simple-8bit-CPU-Verilog/DE10_LITE_Golden_Top.v Line: 67
    Warning (13410): Pin "HEX3[0]" is stuck at GND File: /home/vic/Projects/Simple-8bit-CPU-Verilog/DE10_LITE_Golden_Top.v Line: 70
    Warning (13410): Pin "HEX3[1]" is stuck at GND File: /home/vic/Projects/Simple-8bit-CPU-Verilog/DE10_LITE_Golden_Top.v Line: 70
    Warning (13410): Pin "HEX3[2]" is stuck at GND File: /home/vic/Projects/Simple-8bit-CPU-Verilog/DE10_LITE_Golden_Top.v Line: 70
    Warning (13410): Pin "HEX3[3]" is stuck at GND File: /home/vic/Projects/Simple-8bit-CPU-Verilog/DE10_LITE_Golden_Top.v Line: 70
    Warning (13410): Pin "HEX3[4]" is stuck at GND File: /home/vic/Projects/Simple-8bit-CPU-Verilog/DE10_LITE_Golden_Top.v Line: 70
    Warning (13410): Pin "HEX3[5]" is stuck at GND File: /home/vic/Projects/Simple-8bit-CPU-Verilog/DE10_LITE_Golden_Top.v Line: 70
    Warning (13410): Pin "HEX3[6]" is stuck at VCC File: /home/vic/Projects/Simple-8bit-CPU-Verilog/DE10_LITE_Golden_Top.v Line: 70
    Warning (13410): Pin "HEX4[0]" is stuck at GND File: /home/vic/Projects/Simple-8bit-CPU-Verilog/DE10_LITE_Golden_Top.v Line: 73
    Warning (13410): Pin "HEX4[1]" is stuck at GND File: /home/vic/Projects/Simple-8bit-CPU-Verilog/DE10_LITE_Golden_Top.v Line: 73
    Warning (13410): Pin "HEX4[2]" is stuck at GND File: /home/vic/Projects/Simple-8bit-CPU-Verilog/DE10_LITE_Golden_Top.v Line: 73
    Warning (13410): Pin "HEX4[3]" is stuck at GND File: /home/vic/Projects/Simple-8bit-CPU-Verilog/DE10_LITE_Golden_Top.v Line: 73
    Warning (13410): Pin "HEX4[4]" is stuck at GND File: /home/vic/Projects/Simple-8bit-CPU-Verilog/DE10_LITE_Golden_Top.v Line: 73
    Warning (13410): Pin "HEX4[5]" is stuck at GND File: /home/vic/Projects/Simple-8bit-CPU-Verilog/DE10_LITE_Golden_Top.v Line: 73
    Warning (13410): Pin "HEX4[6]" is stuck at VCC File: /home/vic/Projects/Simple-8bit-CPU-Verilog/DE10_LITE_Golden_Top.v Line: 73
    Warning (13410): Pin "HEX5[0]" is stuck at GND File: /home/vic/Projects/Simple-8bit-CPU-Verilog/DE10_LITE_Golden_Top.v Line: 76
    Warning (13410): Pin "HEX5[1]" is stuck at GND File: /home/vic/Projects/Simple-8bit-CPU-Verilog/DE10_LITE_Golden_Top.v Line: 76
    Warning (13410): Pin "HEX5[2]" is stuck at GND File: /home/vic/Projects/Simple-8bit-CPU-Verilog/DE10_LITE_Golden_Top.v Line: 76
    Warning (13410): Pin "HEX5[3]" is stuck at GND File: /home/vic/Projects/Simple-8bit-CPU-Verilog/DE10_LITE_Golden_Top.v Line: 76
    Warning (13410): Pin "HEX5[4]" is stuck at GND File: /home/vic/Projects/Simple-8bit-CPU-Verilog/DE10_LITE_Golden_Top.v Line: 76
    Warning (13410): Pin "HEX5[5]" is stuck at GND File: /home/vic/Projects/Simple-8bit-CPU-Verilog/DE10_LITE_Golden_Top.v Line: 76
    Warning (13410): Pin "HEX5[6]" is stuck at VCC File: /home/vic/Projects/Simple-8bit-CPU-Verilog/DE10_LITE_Golden_Top.v Line: 76
Info (286030): Timing-Driven Synthesis is running
Info (16010): Generating hard_block partition "hard_block:auto_generated_inst"
    Info (16011): Adding 0 node(s), including 0 DDIO, 0 PLL, 0 transceiver and 0 LCELL
Warning (21074): Design contains 13 input pin(s) that do not drive logic
    Warning (15610): No output dependent on input pin "MAX10_CLK1_50" File: /home/vic/Projects/Simple-8bit-CPU-Verilog/DE10_LITE_Golden_Top.v Line: 37
    Warning (15610): No output dependent on input pin "KEY[1]" File: /home/vic/Projects/Simple-8bit-CPU-Verilog/DE10_LITE_Golden_Top.v Line: 81
    Warning (15610): No output dependent on input pin "SW[0]" File: /home/vic/Projects/Simple-8bit-CPU-Verilog/DE10_LITE_Golden_Top.v Line: 91
    Warning (15610): No output dependent on input pin "SW[1]" File: /home/vic/Projects/Simple-8bit-CPU-Verilog/DE10_LITE_Golden_Top.v Line: 91
    Warning (15610): No output dependent on input pin "SW[2]" File: /home/vic/Projects/Simple-8bit-CPU-Verilog/DE10_LITE_Golden_Top.v Line: 91
    Warning (15610): No output dependent on input pin "SW[3]" File: /home/vic/Projects/Simple-8bit-CPU-Verilog/DE10_LITE_Golden_Top.v Line: 91
    Warning (15610): No output dependent on input pin "SW[4]" File: /home/vic/Projects/Simple-8bit-CPU-Verilog/DE10_LITE_Golden_Top.v Line: 91
    Warning (15610): No output dependent on input pin "SW[5]" File: /home/vic/Projects/Simple-8bit-CPU-Verilog/DE10_LITE_Golden_Top.v Line: 91
    Warning (15610): No output dependent on input pin "SW[6]" File: /home/vic/Projects/Simple-8bit-CPU-Verilog/DE10_LITE_Golden_Top.v Line: 91
    Warning (15610): No output dependent on input pin "SW[7]" File: /home/vic/Projects/Simple-8bit-CPU-Verilog/DE10_LITE_Golden_Top.v Line: 91
    Warning (15610): No output dependent on input pin "SW[8]" File: /home/vic/Projects/Simple-8bit-CPU-Verilog/DE10_LITE_Golden_Top.v Line: 91
    Warning (15610): No output dependent on input pin "SW[9]" File: /home/vic/Projects/Simple-8bit-CPU-Verilog/DE10_LITE_Golden_Top.v Line: 91
    Warning (15610): No output dependent on input pin "KEY[0]" File: /home/vic/Projects/Simple-8bit-CPU-Verilog/DE10_LITE_Golden_Top.v Line: 81
Info (21057): Implemented 121 device resources after synthesis - the final resource count might be different
    Info (21058): Implemented 14 input pins
    Info (21059): Implemented 48 output pins
    Info (21060): Implemented 36 bidirectional pins
    Info (21061): Implemented 23 logic cells
Info: Quartus Prime Analysis & Synthesis was successful. 0 errors, 99 warnings
    Info: Peak virtual memory: 486 megabytes
    Info: Processing ended: Tue Jan 26 22:45:40 2021
    Info: Elapsed time: 00:00:04
    Info: Total CPU time (on all processors): 00:00:14


